<?xml version="1.0" encoding="UTF-8"?>
<testsuite xmlns:xsi="http://www.w3.org/2001/XMLSchema-instance" xsi:noNamespaceSchemaLocation="https://maven.apache.org/surefire/maven-surefire-plugin/xsd/surefire-test-report.xsd" name="com.itheima.SpringbootWebConfig2ApplicationTests" time="2.002" tests="4" errors="0" skipped="0" failures="0">
  <properties>
[...]
</properties>
  <testcase name="testGetBean2" classname="com.itheima.SpringbootWebConfig2ApplicationTests" time="0.214"/>
  <testcase name="testScope" classname="com.itheima.SpringbootWebConfig2ApplicationTests" time="0.008"/>
  <testcase name="testGetBean" classname="com.itheima.SpringbootWebConfig2ApplicationTests" time="0.003"/>
  <testcase name="testThirdBean" classname="com.itheima.SpringbootWebConfig2ApplicationTests" time="0.029"/>
</testsuite>